<?xml version="1.0" encoding="UTF-8"?>
<Site BuildName="Win32-MSBuild"
	BuildStamp="20210327-1409-Experimental"
	Name="BARUSKA"
	Generator="ctest-3.19.0-rc1"
	CompilerName="D:/Visual Studio/VC/Tools/MSVC/14.28.29333/bin/Hostx64/x86/cl.exe"
	CompilerVersion="19.28.29337.0"
	OSName="Windows"
	Hostname="baruska"
	OSRelease=" Professional"
	OSVersion=" (Build 19042)"
	OSPlatform="x86"
	Is64Bits="1"
	VendorString="GenuineIntel"
	VendorID="Intel Corporation"
	FamilyID="6"
	ModelID="14"
	ProcessorCacheSize="-1"
	NumberOfLogicalCPU="4"
	NumberOfPhysicalCPU="4"
	TotalVirtualMemory="32733"
	TotalPhysicalMemory="16349"
	LogicalProcessorsPerPhysical="1"
	ProcessorClockFrequency="3000"
	>
	<Configure>
		<StartDateTime>Mar 27 15:09 Stoedn[NON-UTF-8-BYTE-0xED] Evropa (bi?n[NON-UTF-8-BYTE-0xFD] eas)</StartDateTime>
		<StartConfigureTime>1616854192</StartConfigureTime>
		<ConfigureCommand>"C:/Program Files (x86)/CMake/bin/cmake.exe" "D:/zipper"</ConfigureCommand>
		<Log>-- Selecting Windows SDK version 10.0.19041.0 to target Windows 10.0.19042.
-- Check for working C compiler: D:/Visual Studio/VC/Tools/MSVC/14.28.29333/bin/Hostx64/x86/cl.exe - skipped
-- Detecting C compile features
-- Detecting C compile features - done
-- 
----------------------------------------------------------------------
Zipper version 1.0.2
----------------------------------------------------------------------

   Configured on host ''
     host type                       = Windows
     host operating system           = Windows 10.0.19042
     host CPU architecture           = AMD64

   General build flags:
     CC                              = D:/Visual Studio/VC/Tools/MSVC/14.28.29333/bin/Hostx64/x86/cl.exe
     CXX                             = D:/Visual Studio/VC/Tools/MSVC/14.28.29333/bin/Hostx64/x86/cl.exe
     CPPFLAGS                        =  -D_CRT_SECURE_NO_WARNINGS
     CFLAGS                          = /DWIN32 /D_WINDOWS /W3
     CXXFLAGS                        = /DWIN32 /D_WINDOWS /W3 /GR /EHsc
     LDFLAGS                         = /machine:X86

   Zlib library configuration:
     Zlib library                    = optimized;C:/Program Files (x86)/zlib/lib/zlib.lib;debug;C:/Program Files (x86)/zlib/lib/zlibd.lib
     Zlib include dir                = C:/Program Files (x86)/zlib/include

   Other configuration settings:
     Installation $prefix            = C:/Program Files (x86)/zipper
     
-- Configuring done
-- Generating done
-- Build files have been written to: D:/zipper/build
</Log>
		<ConfigureStatus>0</ConfigureStatus>
		<EndDateTime>Mar 27 15:09 Stoedn[NON-UTF-8-BYTE-0xED] Evropa (bi?n[NON-UTF-8-BYTE-0xFD] eas)</EndDateTime>
		<EndConfigureTime>1616854194</EndConfigureTime>
		<ElapsedMinutes>0</ElapsedMinutes>
	</Configure>
</Site>
